  DesignPattern.cpp
e:\visual studio workspace\designpattern\designpattern\iterator.h(26): error C2027: 使用了未定义类型“StackIter”
  e:\visual studio workspace\designpattern\designpattern\iterator.h(21): note: 参见“StackIter”的声明
e:\visual studio workspace\designpattern\designpattern\mediator.h(20): error C2011: “Widget”:“class”类型重定义
  e:\visual studio workspace\designpattern\designpattern\decorator.h(19): note: 参见“Widget”的声明
e:\visual studio workspace\designpattern\designpattern\mediator.h(35): error C2504: “Widget”: 未定义基类
e:\visual studio workspace\designpattern\designpattern\mediator.h(37): error C2614: “List”: 非法的成员初始化:“Widget”不是基或成员
e:\visual studio workspace\designpattern\designpattern\mediator.h(38): error C2065: “_name”: 未声明的标识符
e:\visual studio workspace\designpattern\designpattern\mediator.h(39): error C2065: “_name”: 未声明的标识符
e:\visual studio workspace\designpattern\designpattern\mediator.h(42): error C2504: “Widget”: 未定义基类
e:\visual studio workspace\designpattern\designpattern\mediator.h(44): error C2614: “Edit”: 非法的成员初始化:“Widget”不是基或成员
e:\visual studio workspace\designpattern\designpattern\mediator.h(45): error C2065: “_name”: 未声明的标识符
e:\visual studio workspace\designpattern\designpattern\mediator.h(46): error C2065: “_name”: 未声明的标识符
e:\visual studio workspace\designpattern\designpattern\mediator.h(54): error C2664: “Edit::Edit(Edit &&)”: 无法将参数 2 从“const char [7]”转换为“char *”
  e:\visual studio workspace\designpattern\designpattern\mediator.h(54): note: 从字符串文本转换将丢失 const 限定符(请参阅 /Zc:strictStrings)
e:\visual studio workspace\designpattern\designpattern\mediator.h(55): error C2664: “List::List(List &&)”: 无法将参数 2 从“const char [4]”转换为“char *”
  e:\visual studio workspace\designpattern\designpattern\mediator.h(55): note: 从字符串文本转换将丢失 const 限定符(请参阅 /Zc:strictStrings)
e:\visual studio workspace\designpattern\designpattern\mediator.h(56): error C2664: “List::List(List &&)”: 无法将参数 2 从“const char [5]”转换为“char *”
  e:\visual studio workspace\designpattern\designpattern\mediator.h(56): note: 从字符串文本转换将丢失 const 限定符(请参阅 /Zc:strictStrings)
e:\visual studio workspace\designpattern\designpattern\mediator.h(57): error C2664: “Edit::Edit(Edit &&)”: 无法将参数 2 从“const char [10]”转换为“char *”
  e:\visual studio workspace\designpattern\designpattern\mediator.h(57): note: 从字符串文本转换将丢失 const 限定符(请参阅 /Zc:strictStrings)
e:\visual studio workspace\designpattern\designpattern\mediator.h(61): error C2027: 使用了未定义类型“Widget”
  e:\visual studio workspace\designpattern\designpattern\decorator.h(19): note: 参见“Widget”的声明
e:\visual studio workspace\designpattern\designpattern\mediator.h(61): error C2227: “->changed”的左边必须指向类/结构/联合/泛型类型
e:\visual studio workspace\designpattern\designpattern\mediator.h(65): error C2027: 使用了未定义类型“Widget”
  e:\visual studio workspace\designpattern\designpattern\decorator.h(19): note: 参见“Widget”的声明
e:\visual studio workspace\designpattern\designpattern\mediator.h(65): error C2227: “->queryWidget”的左边必须指向类/结构/联合/泛型类型
e:\visual studio workspace\designpattern\designpattern\mediator.h(66): error C2027: 使用了未定义类型“Widget”
  e:\visual studio workspace\designpattern\designpattern\decorator.h(19): note: 参见“Widget”的声明
e:\visual studio workspace\designpattern\designpattern\mediator.h(66): error C2227: “->updateWidget”的左边必须指向类/结构/联合/泛型类型
e:\visual studio workspace\designpattern\designpattern\mediator.h(67): error C2027: 使用了未定义类型“Widget”
  e:\visual studio workspace\designpattern\designpattern\decorator.h(19): note: 参见“Widget”的声明
e:\visual studio workspace\designpattern\designpattern\mediator.h(67): error C2227: “->updateWidget”的左边必须指向类/结构/联合/泛型类型
e:\visual studio workspace\designpattern\designpattern\mediator.h(68): error C2027: 使用了未定义类型“Widget”
  e:\visual studio workspace\designpattern\designpattern\decorator.h(19): note: 参见“Widget”的声明
e:\visual studio workspace\designpattern\designpattern\mediator.h(68): error C2227: “->updateWidget”的左边必须指向类/结构/联合/泛型类型
e:\visual studio workspace\designpattern\designpattern\mediator.h(71): error C2027: 使用了未定义类型“Widget”
  e:\visual studio workspace\designpattern\designpattern\decorator.h(19): note: 参见“Widget”的声明
e:\visual studio workspace\designpattern\designpattern\mediator.h(71): error C2227: “->queryWidget”的左边必须指向类/结构/联合/泛型类型
e:\visual studio workspace\designpattern\designpattern\mediator.h(72): error C2027: 使用了未定义类型“Widget”
  e:\visual studio workspace\designpattern\designpattern\decorator.h(19): note: 参见“Widget”的声明
e:\visual studio workspace\designpattern\designpattern\mediator.h(72): error C2227: “->updateWidget”的左边必须指向类/结构/联合/泛型类型
e:\visual studio workspace\designpattern\designpattern\mediator.h(73): error C2027: 使用了未定义类型“Widget”
  e:\visual studio workspace\designpattern\designpattern\decorator.h(19): note: 参见“Widget”的声明
e:\visual studio workspace\designpattern\designpattern\mediator.h(73): error C2227: “->updateWidget”的左边必须指向类/结构/联合/泛型类型
e:\visual studio workspace\designpattern\designpattern\mediator.h(74): error C2027: 使用了未定义类型“Widget”
  e:\visual studio workspace\designpattern\designpattern\decorator.h(19): note: 参见“Widget”的声明
e:\visual studio workspace\designpattern\designpattern\mediator.h(74): error C2227: “->updateWidget”的左边必须指向类/结构/联合/泛型类型
e:\visual studio workspace\designpattern\designpattern\mediator.h(77): error C2027: 使用了未定义类型“Widget”
  e:\visual studio workspace\designpattern\designpattern\decorator.h(19): note: 参见“Widget”的声明
e:\visual studio workspace\designpattern\designpattern\mediator.h(77): error C2227: “->queryWidget”的左边必须指向类/结构/联合/泛型类型
e:\visual studio workspace\designpattern\designpattern\mediator.h(78): error C2027: 使用了未定义类型“Widget”
  e:\visual studio workspace\designpattern\designpattern\decorator.h(19): note: 参见“Widget”的声明
e:\visual studio workspace\designpattern\designpattern\mediator.h(78): error C2227: “->updateWidget”的左边必须指向类/结构/联合/泛型类型
e:\visual studio workspace\designpattern\designpattern\mediator.h(81): error C2027: 使用了未定义类型“Widget”
  e:\visual studio workspace\designpattern\designpattern\decorator.h(19): note: 参见“Widget”的声明
e:\visual studio workspace\designpattern\designpattern\mediator.h(81): error C2227: “->queryWidget”的左边必须指向类/结构/联合/泛型类型
e:\visual studio workspace\designpattern\designpattern\mediator.h(91): warning C4150: 删除指向不完整“Widget”类型的指针；没有调用析构函数
  e:\visual studio workspace\designpattern\designpattern\decorator.h(19): note: 参见“Widget”的声明
e:\visual studio workspace\designpattern\designpattern\mediator.h(95): error C2027: 使用了未定义类型“Widget”
  e:\visual studio workspace\designpattern\designpattern\decorator.h(19): note: 参见“Widget”的声明
e:\visual studio workspace\designpattern\designpattern\mediator.h(96): error C2065: “_mediator”: 未声明的标识符
e:\visual studio workspace\designpattern\designpattern\mediator.h(96): error C2227: “->widgetChanged”的左边必须指向类/结构/联合/泛型类型
  e:\visual studio workspace\designpattern\designpattern\mediator.h(96): note: 类型是“unknown-type”
e:\visual studio workspace\designpattern\designpattern\mediator.h(96): error C2355: “this”: 只能在非静态成员函数或非静态数据成员初始值设定项的内部引用
e:\visual studio workspace\designpattern\designpattern\interpreter.h(45): error C4996: 'strcpy': This function or variable may be unsafe. Consider using strcpy_s instead. To disable deprecation, use _CRT_SECURE_NO_WARNINGS. See online help for details.
  c:\program files (x86)\windows kits\10\include\10.0.17134.0\ucrt\string.h(133): note: 参见“strcpy”的声明
e:\visual studio workspace\designpattern\designpattern\interpreter.h(60): error C2440: “return”: 无法从“const char [1]”转换为“char *”
  e:\visual studio workspace\designpattern\designpattern\interpreter.h(60): note: 从字符串文本转换将丢失 const 限定符(请参阅 /Zc:strictStrings)
e:\visual studio workspace\designpattern\designpattern\interpreter.h(61): error C2440: “return”: 无法从“const char [1]”转换为“char *”
  e:\visual studio workspace\designpattern\designpattern\interpreter.h(61): note: 从字符串文本转换将丢失 const 限定符(请参阅 /Zc:strictStrings)
e:\visual studio workspace\designpattern\designpattern\interpreter.h(69): error C2440: “return”: 无法从“const char [3]”转换为“char *”
  e:\visual studio workspace\designpattern\designpattern\interpreter.h(69): note: 从字符串文本转换将丢失 const 限定符(请参阅 /Zc:strictStrings)
e:\visual studio workspace\designpattern\designpattern\interpreter.h(70): error C2440: “return”: 无法从“const char [3]”转换为“char *”
  e:\visual studio workspace\designpattern\designpattern\interpreter.h(70): note: 从字符串文本转换将丢失 const 限定符(请参阅 /Zc:strictStrings)
e:\visual studio workspace\designpattern\designpattern\interpreter.h(78): error C2440: “return”: 无法从“const char [3]”转换为“char *”
  e:\visual studio workspace\designpattern\designpattern\interpreter.h(78): note: 从字符串文本转换将丢失 const 限定符(请参阅 /Zc:strictStrings)
e:\visual studio workspace\designpattern\designpattern\interpreter.h(79): error C2440: “return”: 无法从“const char [3]”转换为“char *”
  e:\visual studio workspace\designpattern\designpattern\interpreter.h(79): note: 从字符串文本转换将丢失 const 限定符(请参阅 /Zc:strictStrings)
e:\visual studio workspace\designpattern\designpattern\interpreter.h(87): error C2440: “return”: 无法从“const char [3]”转换为“char *”
  e:\visual studio workspace\designpattern\designpattern\interpreter.h(87): note: 从字符串文本转换将丢失 const 限定符(请参阅 /Zc:strictStrings)
e:\visual studio workspace\designpattern\designpattern\interpreter.h(88): error C2440: “return”: 无法从“const char [3]”转换为“char *”
  e:\visual studio workspace\designpattern\designpattern\interpreter.h(88): note: 从字符串文本转换将丢失 const 限定符(请参阅 /Zc:strictStrings)
